<?xml version="1.0" encoding="UTF-8"?>
<testsuites name="Mocha Tests" time="0.2680" tests="6" failures="0">
  <testsuite name="Root Suite" timestamp="2020-03-06T23:20:19" tests="0" time="0.0000" failures="0">
  </testsuite>
  <testsuite name="User Settings Endpoints " timestamp="2020-03-06T23:20:19" tests="0" file="D:\Documents\Development\IdeaApp\IdeaAppBackEnd\test\userSettings\userSettings.test.js" time="0.0000" failures="0">
  </testsuite>
  <testsuite name="/GET userSettings" timestamp="2020-03-06T23:20:20" tests="3" file="D:\Documents\Development\IdeaApp\IdeaAppBackEnd\test\userSettings\userSettings.test.js" time="0.1500" failures="0">
    <testcase name="User Settings Endpoints  /GET userSettings Should get the first user settings" time="0.1070" classname="Should get the first user settings">
    </testcase>
    <testcase name="User Settings Endpoints  /GET userSettings Should unauthorized to get user settings" time="0.0360" classname="Should unauthorized to get user settings">
    </testcase>
    <testcase name="User Settings Endpoints  /GET userSettings Should unauthorized from bad token" time="0.0070" classname="Should unauthorized from bad token">
    </testcase>
  </testsuite>
  <testsuite name="/PATCH userSettings" timestamp="2020-03-06T23:20:20" tests="3" file="D:\Documents\Development\IdeaApp\IdeaAppBackEnd\test\userSettings\userSettings.test.js" time="0.1180" failures="0">
    <testcase name="User Settings Endpoints  /PATCH userSettings Should update user settings" time="0.0710" classname="Should update user settings">
    </testcase>
    <testcase name="User Settings Endpoints  /PATCH userSettings Should unauthorized to update user settings" time="0.0390" classname="Should unauthorized to update user settings">
    </testcase>
    <testcase name="User Settings Endpoints  /PATCH userSettings Should unauthorized update from bad token" time="0.0080" classname="Should unauthorized update from bad token">
    </testcase>
  </testsuite>
</testsuites>